0 info it worked if it ends with ok
1 verbose cli [ '/home/ubuntu/.nvm/versions/node/v4.4.0/bin/node',
1 verbose cli   '/home/ubuntu/.nvm/versions/node/v4.4.0/bin/npm',
1 verbose cli   'publish' ]
2 info using npm@2.14.20
3 info using node@v4.4.0
4 verbose publish [ '.' ]
5 silly cache add args [ '.', null ]
6 verbose cache add spec .
7 silly cache add parsed spec Result {
7 silly cache add   raw: '.',
7 silly cache add   scope: null,
7 silly cache add   name: null,
7 silly cache add   rawSpec: '.',
7 silly cache add   spec: '/home/ubuntu/workspace',
7 silly cache add   type: 'directory' }
8 verbose addLocalDirectory /home/ubuntu/.npm/sly-css/0.0.1/package.tgz not in flight; packing
9 verbose correctMkdir /home/ubuntu/.npm correctMkdir not in flight; initializing
10 verbose tar pack [ '/home/ubuntu/.npm/sly-css/0.0.1/package.tgz',
10 verbose tar pack   '/home/ubuntu/workspace' ]
11 verbose tarball /home/ubuntu/.npm/sly-css/0.0.1/package.tgz
12 verbose folder /home/ubuntu/workspace
13 info prepublish sly-css@0.0.1
14 verbose addLocalTarball adding from inside cache /home/ubuntu/.npm/sly-css/0.0.1/package.tgz
15 verbose correctMkdir /home/ubuntu/.npm correctMkdir not in flight; initializing
16 silly cache afterAdd sly-css@0.0.1
17 verbose afterAdd /home/ubuntu/.npm/sly-css/0.0.1/package/package.json not in flight; writing
18 verbose correctMkdir /home/ubuntu/.npm correctMkdir not in flight; initializing
19 verbose afterAdd /home/ubuntu/.npm/sly-css/0.0.1/package/package.json written
20 silly publish { name: 'sly-css',
20 silly publish   description: 'Making CSS Better',
20 silly publish   author: { name: 'Kabir Shah', email: 'simplecooldude1@gmail.com' },
20 silly publish   version: '0.0.1',
20 silly publish   dependencies: { minimist: '^1.2.0' },
20 silly publish   main: './lib/sly.js',
20 silly publish   bin: { 'sly-css': './bin/sly' },
20 silly publish   repository: { type: 'git', url: 'git+https://github.com/KingPixil/sly.git' },
20 silly publish   homepage: 'https://github.com/KingPixil/sly',
20 silly publish   bugs: { url: 'https://github.com/KingPixil/sly/issues' },
20 silly publish   keywords: [ 'css', 'preprocessor' ],
20 silly publish   license: 'MIT',
20 silly publish   devDependencies: { nob: '0.0.1' },
20 silly publish   readme: '# SlY - Making CSS Better\n\n# Credts\n\nI was following a tutorial from an amazing [blog post](http://www.nixtu.info/2011/12/how-to-write-css-preprocessor-using.html), and built on that!\n\n## Docs Coming Soon',
20 silly publish   readmeFilename: 'README.md',
20 silly publish   gitHead: 'e979c01cea71256820fb3f9d5689002f8b73d1c2',
20 silly publish   _id: 'sly-css@0.0.1',
20 silly publish   scripts: {},
20 silly publish   _shasum: '4a6533a2d60b6e261bbd2d8c14bdf3e102c0a1f2',
20 silly publish   _from: '.' }
21 verbose getPublishConfig undefined
22 silly mapToRegistry name sly-css
23 silly mapToRegistry using default registry
24 silly mapToRegistry registry https://registry.npmjs.org/
25 silly mapToRegistry uri https://registry.npmjs.org/sly-css
26 verbose publish registryBase https://registry.npmjs.org/
27 silly publish uploading /home/ubuntu/.npm/sly-css/0.0.1/package.tgz
28 verbose request uri https://registry.npmjs.org/sly-css
29 verbose request sending authorization for write operation
30 info attempt registry request try #1 at 11:54:04 PM
31 verbose request using bearer token for auth
32 verbose request id 05491d5632dd36f1
33 http request PUT https://registry.npmjs.org/sly-css
34 http 403 https://registry.npmjs.org/sly-css
35 verbose headers { 'content-type': 'application/json',
35 verbose headers   'cache-control': 'max-age=300',
35 verbose headers   'content-length': '95',
35 verbose headers   'accept-ranges': 'bytes',
35 verbose headers   date: 'Mon, 11 Apr 2016 23:54:05 GMT',
35 verbose headers   via: '1.1 varnish',
35 verbose headers   connection: 'keep-alive',
35 verbose headers   'x-served-by': 'cache-atl6228-ATL',
35 verbose headers   'x-cache': 'MISS',
35 verbose headers   'x-cache-hits': '0',
35 verbose headers   'x-timer': 'S1460418844.482730,VS0,VE735',
35 verbose headers   vary: 'Accept-Encoding' }
36 verbose request invalidating /home/ubuntu/.npm/registry.npmjs.org/sly-css on PUT
37 error publish Failed PUT 403
38 verbose stack Error: "You cannot publish over the previously published version 0.0.1." : sly-css
38 verbose stack     at makeError (/home/ubuntu/.nvm/versions/node/v4.4.0/lib/node_modules/npm/node_modules/npm-registry-client/lib/request.js:264:12)
38 verbose stack     at CachingRegistryClient.<anonymous> (/home/ubuntu/.nvm/versions/node/v4.4.0/lib/node_modules/npm/node_modules/npm-registry-client/lib/request.js:252:14)
38 verbose stack     at Request._callback (/home/ubuntu/.nvm/versions/node/v4.4.0/lib/node_modules/npm/node_modules/npm-registry-client/lib/request.js:172:14)
38 verbose stack     at Request.self.callback (/home/ubuntu/.nvm/versions/node/v4.4.0/lib/node_modules/npm/node_modules/request/request.js:199:22)
38 verbose stack     at emitTwo (events.js:87:13)
38 verbose stack     at Request.emit (events.js:172:7)
38 verbose stack     at Request.<anonymous> (/home/ubuntu/.nvm/versions/node/v4.4.0/lib/node_modules/npm/node_modules/request/request.js:1036:10)
38 verbose stack     at emitOne (events.js:82:20)
38 verbose stack     at Request.emit (events.js:169:7)
38 verbose stack     at IncomingMessage.<anonymous> (/home/ubuntu/.nvm/versions/node/v4.4.0/lib/node_modules/npm/node_modules/request/request.js:963:12)
39 verbose statusCode 403
40 verbose pkgid sly-css
41 verbose cwd /home/ubuntu/workspace
42 error Linux 4.2.0-c9
43 error argv "/home/ubuntu/.nvm/versions/node/v4.4.0/bin/node" "/home/ubuntu/.nvm/versions/node/v4.4.0/bin/npm" "publish"
44 error node v4.4.0
45 error npm  v2.14.20
46 error code E403
47 error "You cannot publish over the previously published version 0.0.1." : sly-css
48 error If you need help, you may report this error at:
48 error     <https://github.com/npm/npm/issues>
49 verbose exit [ 1, true ]
